[32minfo[39m:   Mock Backend App is running at http://localhost:3000 in development mode
[32minfo[39m:   Press CTRL-C to stop

[32minfo[39m:   Mock Backend App is running at http://localhost:3000 in development mode
[32minfo[39m:   Press CTRL-C to stop

[32minfo[39m:   Mock Backend App is running at http://localhost:3000 in development mode
[32minfo[39m:   Press CTRL-C to stop

[32minfo[39m:   Mock Backend App is running at http://localhost:3000 in development mode
[32minfo[39m:   Press CTRL-C to stop

[32minfo[39m:   Mock Backend App is running at http://localhost:3000 in development mode
[32minfo[39m:   Press CTRL-C to stop

[32minfo[39m:   Mock Backend App is running at http://localhost:3000 in development mode
[32minfo[39m:   Press CTRL-C to stop

[32minfo[39m:   Mock Backend App is running at http://localhost:3000 in development mode
[32minfo[39m:   Press CTRL-C to stop

[32minfo[39m:   Mock Backend App is running at http://localhost:3000 in development mode
[32minfo[39m:   Press CTRL-C to stop

[32minfo[39m:   Mock Backend App is running at http://localhost:3000 in development mode
[32minfo[39m:   Press CTRL-C to stop

[32minfo[39m:   Mock Backend App is running at http://localhost:3000 in development mode
[32minfo[39m:   Press CTRL-C to stop

[32minfo[39m:   Mock Backend App is running at http://localhost:3000 in development mode
[32minfo[39m:   Press CTRL-C to stop

[32minfo[39m:   Mock Backend App is running at http://localhost:3000 in development mode
[32minfo[39m:   Press CTRL-C to stop

[32minfo[39m:   Mock Backend App is running at http://localhost:3000 in development mode
[32minfo[39m:   Press CTRL-C to stop

[32minfo[39m:   Mock Backend App is running at http://localhost:3000 in development mode
[32minfo[39m:   Press CTRL-C to stop

[32minfo[39m:   Mock Backend App is running at http://localhost:3000 in development mode
[32minfo[39m:   Press CTRL-C to stop

[32minfo[39m:   Mock Backend App is running at http://localhost:3000 in development mode
[32minfo[39m:   Press CTRL-C to stop

[32minfo[39m:   Mock Backend App is running at http://localhost:3000 in development mode
[32minfo[39m:   Press CTRL-C to stop

[32minfo[39m:   Mock Backend App is running at http://localhost:3000 in development mode
[32minfo[39m:   Press CTRL-C to stop

[32minfo[39m:   Mock Backend App is running at http://localhost:3000 in development mode
[32minfo[39m:   Press CTRL-C to stop

[32minfo[39m:   Mock Backend App is running at http://localhost:3000 in development mode
[32minfo[39m:   Press CTRL-C to stop

[32minfo[39m:   Mock Backend App is running at http://localhost:3000 in development mode
[32minfo[39m:   Press CTRL-C to stop

[32minfo[39m:   Mock Backend App is running at http://localhost:3000 in development mode
[32minfo[39m:   Press CTRL-C to stop

[32minfo[39m:   Mock Backend App is running at http://localhost:3000 in development mode
[32minfo[39m:   Press CTRL-C to stop

[32minfo[39m:   Mock Backend App is running at http://localhost:3000 in development mode
[32minfo[39m:   Press CTRL-C to stop

[32minfo[39m:   Mock Backend App is running at http://localhost:3000 in development mode
[32minfo[39m:   Press CTRL-C to stop

[32minfo[39m:   Mock Backend App is running at http://localhost:3000 in development mode
[32minfo[39m:   Press CTRL-C to stop

[32minfo[39m:   Mock Backend App is running at http://localhost:3000 in development mode
[32minfo[39m:   Press CTRL-C to stop

[32minfo[39m:   Mock Backend App is running at http://localhost:3000 in development mode
[32minfo[39m:   Press CTRL-C to stop

[32minfo[39m:   Mock Backend App is running at http://localhost:3000 in development mode
[32minfo[39m:   Press CTRL-C to stop

[32minfo[39m:   Mock Backend App is running at http://localhost:3000 in development mode
[32minfo[39m:   Press CTRL-C to stop

[32minfo[39m:   Mock Backend App is running at http://localhost:3000 in development mode
[32minfo[39m:   Press CTRL-C to stop

[32minfo[39m:   Mock Backend App is running at http://localhost:3000 in development mode
[32minfo[39m:   Press CTRL-C to stop

[32minfo[39m:   Mock Backend App is running at http://localhost:3000 in development mode
[32minfo[39m:   Press CTRL-C to stop

[32minfo[39m:   Mock Backend App is running at http://localhost:3000 in development mode
[32minfo[39m:   Press CTRL-C to stop

[32minfo[39m:   Mock Backend App is running at http://localhost:3000 in development mode
[32minfo[39m:   Press CTRL-C to stop

[32minfo[39m:   Mock Backend App is running at http://localhost:3000 in development mode
[32minfo[39m:   Press CTRL-C to stop

[32minfo[39m:   Mock Backend App is running at http://localhost:3000 in development mode
[32minfo[39m:   Press CTRL-C to stop

[32minfo[39m:   Mock Backend App is running at http://localhost:3000 in development mode
[32minfo[39m:   Press CTRL-C to stop

[32minfo[39m:   Mock Backend App is running at http://localhost:3000 in development mode
[32minfo[39m:   Press CTRL-C to stop

[32minfo[39m:   Mock Backend App is running at http://localhost:3000 in development mode
[32minfo[39m:   Press CTRL-C to stop

[32minfo[39m:   Mock Backend App is running at http://localhost:3000 in development mode
[32minfo[39m:   Press CTRL-C to stop

[32minfo[39m:   Mock Backend App is running at http://localhost:3000 in development mode
[32minfo[39m:   Press CTRL-C to stop

[32minfo[39m:   Mock Backend App is running at http://localhost:3000 in development mode
[32minfo[39m:   Press CTRL-C to stop

[32minfo[39m:   Mock Backend App is running at http://localhost:3000 in development mode
[32minfo[39m:   Press CTRL-C to stop

[32minfo[39m:   Mock Backend App is running at http://localhost:3000 in development mode
[32minfo[39m:   Press CTRL-C to stop

[32minfo[39m:   Mock Backend App is running at http://localhost:3000 in development mode
[32minfo[39m:   Press CTRL-C to stop

[32minfo[39m:   Mock Backend App is running at http://localhost:3000 in development mode
[32minfo[39m:   Press CTRL-C to stop

[32minfo[39m:   Mock Backend App is running at http://localhost:3000 in development mode
[32minfo[39m:   Press CTRL-C to stop

[32minfo[39m:   Mock Backend App is running at http://localhost:3000 in development mode
[32minfo[39m:   Press CTRL-C to stop

[32minfo[39m:   Mock Backend App is running at http://localhost:3000 in development mode
[32minfo[39m:   Press CTRL-C to stop

[32minfo[39m:   Mock Backend App is running at http://localhost:3000 in development mode
[32minfo[39m:   Press CTRL-C to stop

[32minfo[39m:   Mock Backend App is running at http://localhost:3000 in development mode
[32minfo[39m:   Press CTRL-C to stop

[32minfo[39m:   Mock Backend App is running at http://localhost:3000 in development mode
[32minfo[39m:   Press CTRL-C to stop

[32minfo[39m:   Mock Backend App is running at http://localhost:3000 in development mode
[32minfo[39m:   Press CTRL-C to stop

[32minfo[39m:   Mock Backend App is running at http://localhost:3000 in development mode
[32minfo[39m:   Press CTRL-C to stop

[32minfo[39m:   Mock Backend App is running at http://localhost:3000 in development mode
[32minfo[39m:   Press CTRL-C to stop

[32minfo[39m:   Mock Backend App is running at http://localhost:3000 in development mode
[32minfo[39m:   Press CTRL-C to stop

[32minfo[39m:   Mock Backend App is running at http://localhost:3000 in development mode
[32minfo[39m:   Press CTRL-C to stop

[32minfo[39m:   Mock Backend App is running at http://localhost:3000 in development mode
[32minfo[39m:   Press CTRL-C to stop

[32minfo[39m:   Mock Backend App is running at http://localhost:3000 in development mode
[32minfo[39m:   Press CTRL-C to stop

[32minfo[39m:   Mock Backend App is running at http://localhost:3000 in development mode
[32minfo[39m:   Press CTRL-C to stop

[32minfo[39m:   Mock Backend App is running at http://localhost:3000 in development mode
[32minfo[39m:   Press CTRL-C to stop

[32minfo[39m:   Mock Backend App is running at http://localhost:3000 in development mode
[32minfo[39m:   Press CTRL-C to stop

[32minfo[39m:   Mock Backend App is running at http://localhost:3000 in development mode
[32minfo[39m:   Press CTRL-C to stop

[32minfo[39m:   Mock Backend App is running at http://localhost:3000 in development mode
[32minfo[39m:   Press CTRL-C to stop

[32minfo[39m: App is running at http://localhost:3000 in development mode
[32minfo[39m:   Press CTRL-C to stop

[32minfo[39m: App is running at http://localhost:3000 in development mode
[32minfo[39m:   Press CTRL-C to stop

[32minfo[39m: App is running at http://localhost:3000 in development mode
[32minfo[39m:   Press CTRL-C to stop

[32minfo[39m: App is running at http://localhost:3000 in development mode
[32minfo[39m:   Press CTRL-C to stop

[32minfo[39m: App is running at http://localhost:3000 in development mode
[32minfo[39m:   Press CTRL-C to stop

[32minfo[39m: Elder Assistant is running at http://localhost:3000 in development mode
[32minfo[39m:   Press CTRL-C to stop

[32minfo[39m: Elder Assistant is running at http://localhost:3000 in development mode
[32minfo[39m:   Press CTRL-C to stop

[32minfo[39m: Elder Assistant is running at http://localhost:3000 in development mode
[32minfo[39m:   Press CTRL-C to stop

[32minfo[39m: Elder Assistant is running at http://localhost:3000 in development mode
[32minfo[39m:   Press CTRL-C to stop

[32minfo[39m: Elder Assistant is running at http://localhost:3000 in development mode
[32minfo[39m:   Press CTRL-C to stop

[32minfo[39m: Elder Assistant is running at http://localhost:3000 in development mode
[32minfo[39m:   Press CTRL-C to stop

[31merror[39m: Not valid parameters {"errors":[{"value":"Ródolfo","msg":"Name cannot contain special characters","param":"name","location":"body"}],"stack":"Error: Not valid parameters\n    at UserRegisterController.run (C:\\Users\\damia\\OneDrive - Instituto Politecnico Nacional\\Documents\\Escuela\\Trabajo terminal\\Proyecto\\elder-assistant\\src\\backend\\controllers\\User\\UserRegisterController.ts:50:23)\n    at handleReturn (C:\\Users\\damia\\OneDrive - Instituto Politecnico Nacional\\Documents\\Escuela\\Trabajo terminal\\Proyecto\\elder-assistant\\node_modules\\express-promise-router\\lib\\express-promise-router.js:24:23)\n    at bound  (C:\\Users\\damia\\OneDrive - Instituto Politecnico Nacional\\Documents\\Escuela\\Trabajo terminal\\Proyecto\\elder-assistant\\node_modules\\express-promise-router\\lib\\express-promise-router.js:64:7)\n    at handleReturn (C:\\Users\\damia\\OneDrive - Instituto Politecnico Nacional\\Documents\\Escuela\\Trabajo terminal\\Proyecto\\elder-assistant\\node_modules\\express-promise-router\\lib\\express-promise-router.js:24:23)\n    at bound  (C:\\Users\\damia\\OneDrive - Instituto Politecnico Nacional\\Documents\\Escuela\\Trabajo terminal\\Proyecto\\elder-assistant\\node_modules\\express-promise-router\\lib\\express-promise-router.js:64:7)\n    at Layer.handle [as handle_request] (C:\\Users\\damia\\OneDrive - Instituto Politecnico Nacional\\Documents\\Escuela\\Trabajo terminal\\Proyecto\\elder-assistant\\node_modules\\express\\lib\\router\\layer.js:95:5)\n    at next (C:\\Users\\damia\\OneDrive - Instituto Politecnico Nacional\\Documents\\Escuela\\Trabajo terminal\\Proyecto\\elder-assistant\\node_modules\\express\\lib\\router\\route.js:137:13)\n    at middleware (C:\\Users\\damia\\OneDrive - Instituto Politecnico Nacional\\Documents\\Escuela\\Trabajo terminal\\Proyecto\\elder-assistant\\node_modules\\express-validator\\src\\middlewares\\check.js:16:13)\n    at processTicksAndRejections (internal/process/task_queues.js:94:5)"}
[32minfo[39m: Elder Assistant is running at http://localhost:3000 in development mode
[32minfo[39m:   Press CTRL-C to stop

[32minfo[39m: Elder Assistant is running at http://localhost:3000 in development mode
[32minfo[39m:   Press CTRL-C to stop

[32minfo[39m: Elder Assistant is running at http://localhost:3000 in development mode
[32minfo[39m:   Press CTRL-C to stop

[32minfo[39m: Elder Assistant is running at http://localhost:3000 in development mode
[32minfo[39m:   Press CTRL-C to stop

[32minfo[39m: Elder Assistant is running at http://localhost:3000 in development mode
[32minfo[39m:   Press CTRL-C to stop

[32minfo[39m: Elder Assistant is running at http://localhost:3000 in development mode
[32minfo[39m:   Press CTRL-C to stop

[32minfo[39m: Elder Assistant is running at http://localhost:3000 in development mode
[32minfo[39m:   Press CTRL-C to stop

[32minfo[39m: Elder Assistant is running at http://localhost:3000 in development mode
[32minfo[39m:   Press CTRL-C to stop

[32minfo[39m: Elder Assistant is running at http://localhost:3000 in development mode
[32minfo[39m:   Press CTRL-C to stop

[32minfo[39m: Elder Assistant is running at http://localhost:3000 in development mode
[32minfo[39m:   Press CTRL-C to stop

[32minfo[39m: Elder Assistant is running at http://localhost:3000 in development mode
[32minfo[39m:   Press CTRL-C to stop

[32minfo[39m: Elder Assistant is running at http://localhost:3000 in development mode
[32minfo[39m:   Press CTRL-C to stop

[32minfo[39m: Elder Assistant is running at http://localhost:3000 in development mode
[32minfo[39m:   Press CTRL-C to stop

[32minfo[39m: Elder Assistant is running at http://localhost:3000 in development mode
[32minfo[39m:   Press CTRL-C to stop

[32minfo[39m: Elder Assistant is running at http://localhost:3000 in development mode
[32minfo[39m:   Press CTRL-C to stop

[32minfo[39m: Elder Assistant is running at http://localhost:3000 in development mode
[32minfo[39m:   Press CTRL-C to stop

[32minfo[39m: Elder Assistant is running at http://localhost:3000 in development mode
[32minfo[39m:   Press CTRL-C to stop

[32minfo[39m: Elder Assistant is running at http://localhost:3000 in development mode
[32minfo[39m:   Press CTRL-C to stop

[32minfo[39m: Elder Assistant is running at http://localhost:3000 in development mode
[32minfo[39m:   Press CTRL-C to stop

[32minfo[39m: Elder Assistant is running at http://localhost:3000 in development mode
[32minfo[39m:   Press CTRL-C to stop

[32minfo[39m: Elder Assistant is running at http://localhost:3000 in development mode
[32minfo[39m:   Press CTRL-C to stop

[32minfo[39m: Elder Assistant is running at http://localhost:3000 in development mode
[32minfo[39m:   Press CTRL-C to stop

[32minfo[39m: Elder Assistant is running at http://localhost:3000 in development mode
[32minfo[39m:   Press CTRL-C to stop

